<?xml version="1.0" encoding="UTF-8"?>
<!-- Generated by org.testng.reporters.JUnitReportReporter -->
<testsuite hostname="BYOD-594210" failures="0" tests="3" name="Rest_testing.trello" time="10.769" errors="0" timestamp="15 Nov 2022 08:20:25 GMT">
  <testcase classname="Rest_testing.trello" name="delete" time="6.856"/>
  <testcase classname="Rest_testing.trello" name="test" time="1.130"/>
  <testcase classname="Rest_testing.trello" name="trello" time="2.783"/>
</testsuite> <!-- Rest_testing.trello -->
